<?xml version="1.0" encoding="UTF-8"?>
<testsuite name="RegistrationTest" tests="3" skipped="0" failures="0" errors="0" timestamp="2021-08-16T17:22:05" hostname="WIN-VLIAFR1P8UG" time="10.142">
  <properties/>
  <testcase name="registrationTestFrmDPClass[0](Sonya, Low, kit11@gmail.com, Ff12345$)" classname="RegistrationTest" time="3.582"/>
  <testcase name="registrationTestFrmDPClass[1](Sonya, Low, kit12@gmail.com, Ff12345$)" classname="RegistrationTest" time="1.951"/>
  <testcase name="registrationTestFrmDPClass[2](Sonya, Low, kit13@gmail.com, Ff12345$)" classname="RegistrationTest" time="1.739"/>
  <system-out><![CDATA[20:22:05 [Test worker] INFO  TestBase - Start method -->registrationTestFrmDPClass
20:22:05 [Test worker] INFO  TestBase - Registration with --> Name: Sonya-->LastName: Low --> Email:kit11@gmail.com-->Password -->Ff12345$
20:22:08 [Test worker] INFO  TestBase - Test passed
20:22:09 [Test worker] INFO  TestBase - End of method -->registrationTestFrmDPClass
20:22:09 [Test worker] INFO  TestBase - Start method -->registrationTestFrmDPClass
20:22:10 [Test worker] INFO  TestBase - Registration with --> Name: Sonya-->LastName: Low --> Email:kit12@gmail.com-->Password -->Ff12345$
20:22:12 [Test worker] INFO  TestBase - Test passed
20:22:13 [Test worker] INFO  TestBase - End of method -->registrationTestFrmDPClass
20:22:13 [Test worker] INFO  TestBase - Start method -->registrationTestFrmDPClass
20:22:13 [Test worker] INFO  TestBase - Registration with --> Name: Sonya-->LastName: Low --> Email:kit13@gmail.com-->Password -->Ff12345$
20:22:15 [Test worker] INFO  TestBase - Test passed
20:22:15 [Test worker] INFO  TestBase - End of method -->registrationTestFrmDPClass
]]></system-out>
  <system-err><![CDATA[]]></system-err>
</testsuite>
