<?xml version="1.0" encoding="UTF-8"?>
<testsuite name="LoginTest" tests="1" skipped="0" failures="0" errors="0" timestamp="2022-02-03T22:57:59" hostname="WIN-VLIAFR1P8UG" time="3.662">
  <properties/>
  <testcase name="loginTestPositive" classname="LoginTest" time="3.662"/>
  <system-out><![CDATA[00:57:59 [Test worker] INFO  TestBase - Start method -->loginTestPositive
00:58:03 [Test worker] INFO  TestBase - End of method -->loginTestPositive
]]></system-out>
  <system-err><![CDATA[]]></system-err>
</testsuite>
